0 3: 0 333517 0x2227850
0 2: 8735 330468 0x22277d0
0 1: 14077 329455 0x2226b70
0 0: 66808 331209 0x22278d0
0 0: 411118 328993 0x2227ad0
0 2: 414166 329990 0x22279d0
0 3: 414546 329338 0x2227a50
0 1: 422158 329483 0x2227950
0 0: 743085 694933 0x22288d0
0 3: 747311 694310 0x2228510
0 2: 747517 693080 0x2228090
0 1: 755422 694044 0x2227b50
0 0: 1442563 698300 0x2228990
0 2: 1448177 698653 0x2228150
0 3: 1450177 697804 0x22285d0
0 1: 1453724 698484 0x2227c10
0 0: 2144039 697070 0x2228a50
0 2: 2149849 696728 0x2228210
0 3: 2151707 697106 0x2228690
0 1: 2154363 697302 0x2227cd0
0 0: 2843838 701240 0x2228b10
0 2: 2848675 706106 0x22282d0
0 3: 2851219 703241 0x2228750
0 1: 2853802 702419 0x2227d90
0 0: 3550711 2572 0x22291d0
0 0: 3557236 348073 0x22295d0
0 2: 3557492 703334 0x2228390
0 3: 3557781 703090 0x2228810
0 1: 3558536 703721 0x2227e50
0 0: 3924270 702482 0x2228d50
0 2: 4264142 698725 0x2228450
0 3: 4264298 697130 0x2228f90
0 1: 4265162 705383 0x2227f10
0 0: 4630367 704392 0x2228c90
0 2: 4965645 688459 0x2228e10
0 3: 4966185 3282 0x2229150
0 3: 4973088 349269 0x2229550
0 1: 4973256 700231 0x2227fd0
0 3: 5326020 701494 0x222a210
0 0: 5338304 686773 0x2228bd0
0 2: 5659402 2989 0x2229350
0 2: 5664893 704704 0x222a750
0 1: 5676869 2303 0x2229050
0 1: 5682853 704770 0x2229c10
0 0: 6029508 2593 0x2229250
0 3: 6031485 706701 0x222a450
0 0: 6034760 703474 0x222a5d0
0 2: 6372338 349085 0x2229750
0 1: 6392117 708291 0x2229a90
0 2: 6723381 696949 0x2228ed0
0 0: 6742139 704779 0x222a990
0 3: 6747815 709104 0x2229910
0 1: 7103690 349179 0x2229450
0 2: 7424513 2877 0x22293d0
0 2: 7429143 348389 0x22297d0
0 0: 7449937 349822 0x2229650
0 1: 7455380 701911 0x22299d0
0 3: 7472496 3037 0x22292d0
0 3: 7478111 706281 0x222a690
0 2: 7780083 704447 0x222a810
0 0: 7802210 704299 0x222a2d0
0 1: 8162441 2599 0x22290d0
0 1: 8167839 703516 0x2229850
0 3: 8187088 705311 0x222a390
0 2: 8487041 702504 0x2229cd0
0 0: 8509930 706381 0x2229d90
0 1: 8874156 349523 0x22294d0
0 3: 8894923 717019 0x2229b50
0 2: 9191754 712809 0x222a510
0 0: 9219194 714275 0x2229e50
0 1: 9225786 736509 0x222a150
0 3: 9618210 3249 0x222ad50
0 3: 9625932 348858 0x222b150
0 2: 9909934 2865 0x222ae50
0 2: 9914957 349269 0x222b250
0 0: 9939012 3010 0x222aed0
0 0: 9944328 348260 0x222b2d0
0 1: 9966569 704474 0x222a090
0 3: 9977767 704755 0x222a8d0
0 2: 10266508 705045 0x222bf10
0 0: 10296224 701394 0x222b6d0
0 1: 10673554 705378 0x2229fd0
0 3: 10685269 701053 0x222abd0
0 2: 10975769 703954 0x222b610
0 0: 11000707 703117 0x2229f10
0 1: 11382220 704438 0x222ac90
0 3: 11389223 704232 0x222ab10
0 2: 11682413 701657 0x222aa50
0 0: 11708502 2720 0x222add0
0 0: 11714646 701833 0x222bb50
0 1: 12096788 348807 0x22296d0
0 3: 12099406 2808 0x222b050
0 3: 12104423 349224 0x222b450
0 2: 12389326 2629 0x222af50
0 2: 12395104 711640 0x222c690
0 0: 12419253 703942 0x222ba90
0 1: 12450228 2481 0x222afd0
0 1: 12455535 706429 0x222c810
0 3: 12456639 709920 0x222b910
0 2: 13110464 707596 0x222c5d0
0 0: 13125779 349100 0x222b1d0
0 1: 13164418 349620 0x222b3d0
0 3: 13169261 792085 0x222c450
0 0: 13477270 704256 0x222b550
0 1: 13515951 705517 0x222b850
0 2: 13820877 349801 0x222b350
0 3: 13968820 704002 0x222c150
0 2: 14172612 706517 0x222b790
0 0: 14184382 704048 0x222bcd0
0 1: 14223801 703809 0x222c390
0 3: 14675494 705402 0x222bd90
0 2: 14881538 703585 0x222c2d0
0 0: 14891274 703319 0x222c090
0 1: 14932128 2838 0x222b0d0
0 1: 14937178 348112 0x222b4d0
0 1: 15287049 702307 0x222b9d0
0 3: 15383924 704985 0x222c990
0 2: 15587505 704353 0x222bfd0
0 0: 15597259 709252 0x222c8d0
0 1: 15994442 2569 0x222ca50
0 1: 16000741 348912 0x222ce50
0 3: 16092983 3028 0x222cd50
0 3: 16098453 349505 0x222d150
0 2: 16294257 703936 0x222bc10
0 0: 16311697 4180 0x222ccd0
0 0: 16318319 709355 0x222e510
0 1: 16351572 703519 0x222c510
0 3: 16451415 708179 0x222d610
0 2: 17001415 703782 0x222c750
0 0: 17030560 349287 0x222d0d0
0 1: 17059174 2642 0x222cbd0
0 1: 17063517 347967 0x222cfd0
0 3: 17162417 701234 0x222be50
0 0: 17382507 703812 0x222d550
0 1: 17413853 705786 0x222e090
0 2: 17708458 2339 0x222cc50
0 2: 17713260 703776 0x222e390
0 3: 17868290 2654 0x222cad0
0 3: 17873649 703939 0x222da90
0 0: 18089477 701518 0x222c210
0 1: 18122274 706765 0x222e150
0 2: 18419260 703897 0x222e2d0
0 3: 18579812 704166 0x222d9d0
0 0: 18795746 2581 0x222cb50
0 0: 18800763 350143 0x222cf50
0 1: 18831620 701784 0x222d3d0
0 2: 19125768 348928 0x222d050
0 0: 19153635 706003 0x222dc10
0 3: 19286181 704764 0x222d910
0 2: 19476706 704921 0x222d490
0 1: 19535976 707345 0x222dfd0
0 0: 19862364 706846 0x222dcd0
0 3: 19993191 704011 0x222d850
0 2: 20184510 705051 0x222d250
0 1: 20246703 715009 0x222d790
0 0: 20571834 703833 0x222dd90
0 3: 20700064 349538 0x222ced0
0 2: 20893756 2578 0x222cdd0
0 2: 20897990 348608 0x222d1d0
0 1: 20964973 704925 0x222e210
0 3: 21052111 704528 0x222db50
0 2: 21248870 702108 0x222d6d0
0 0: 21278550 703613 0x222de50
0 1: 21674147 2859 0x222e8d0
0 1: 21678943 704489 0x222e450
0 3: 21760870 2926 0x222e7d0
0 3: 21765694 706015 0x222e690
0 2: 21953438 701748 0x222e5d0
0 0: 21985109 708282 0x222df10
0 1: 22387349 2194 0x222e950
0 1: 22391650 714471 0x222d310
0 3: 22475880 2726 0x222ea50
0 3: 22659277 2868 0x222e9d0
0 2: 22697947 2699 0x222ead0
0 2: 23115691 3140 0x222e850
0 3: 23115838 3270 0x222e750
